
Showing logs for build [32mcb-kubecd-bdd-gh-1568809294-pr-1[0m stage [32mmeta-pipeline[0m and container [32mstep-credential-initializer-znmjv[0m
{"level":"warn","ts":1568810082.304732,"logger":"fallback-logger","caller":"logging/config.go:69","msg":"Fetch GitHub commit ID from kodata failed: \"ref: refs/heads/master\" is not a valid GitHub commit ID"}
{"level":"info","ts":1568810082.3053079,"logger":"fallback-logger","caller":"creds-init/main.go:40","msg":"Credentials initialized."}

Showing logs for build [32mcb-kubecd-bdd-gh-1568809294-pr-1[0m stage [32mmeta-pipeline[0m and container [32mstep-working-dir-initializer-7h6j4[0m
{"level":"warn","ts":1568810083.3202581,"logger":"fallback-logger","caller":"logging/config.go:69","msg":"Fetch GitHub commit ID from kodata failed: open /var/run/ko/HEAD: no such file or directory"}
{"level":"info","ts":1568810083.3218193,"logger":"fallback-logger","caller":"bash/main.go:65","msg":"Successfully executed command \"mkdir -p /workspace/source\""}

Showing logs for build [32mcb-kubecd-bdd-gh-1568809294-pr-1[0m stage [32mmeta-pipeline[0m and container [32mstep-place-tools[0m

Showing logs for build [32mcb-kubecd-bdd-gh-1568809294-pr-1[0m stage [32mmeta-pipeline[0m and container [32mstep-git-source-meta-cb-kubecd-bdd-gh-156880929-fj8mv[0m
{"level":"warn","ts":1568810088.4014907,"logger":"fallback-logger","caller":"logging/config.go:69","msg":"Fetch GitHub commit ID from kodata failed: \"ref: refs/heads/master\" is not a valid GitHub commit ID"}
{"level":"info","ts":1568810089.5246856,"logger":"fallback-logger","caller":"git/git.go:102","msg":"Successfully cloned https://github.com/cb-kubecd/bdd-gh-1568809294.git @ e5e111d8a68040e80fa0fdf0f4513af34b0fec4b in path /workspace/source"}

Showing logs for build [32mcb-kubecd-bdd-gh-1568809294-pr-1[0m stage [32mmeta-pipeline[0m and container [32mstep-git-merge[0m
Using SHAs from PULL_REFS=master:e5e111d8a68040e80fa0fdf0f4513af34b0fec4b,1:81d9622c8da23dbb1daa9c6fc5b3f089036eacaa
DEBUG: ran git fetch --unshallow origin 81d9622c8da23dbb1daa9c6fc5b3f089036eacaa: e5e111d8a68040e80fa0fdf0f4513af34b0fec4b: in 
DEBUG: ran git checkout master in 
DEBUG: ran git reset --hard e5e111d8a68040e80fa0fdf0f4513af34b0fec4b in 
DEBUG: ran clean --force -d . in 
DEBUG: ran git merge 81d9622c8da23dbb1daa9c6fc5b3f089036eacaa in 
Merged SHA 81d9622c8da23dbb1daa9c6fc5b3f089036eacaa with commit message 'My first PR commit' into base branch master

Showing logs for build [32mcb-kubecd-bdd-gh-1568809294-pr-1[0m stage [32mmeta-pipeline[0m and container [32mstep-merge-pull-refs[0m
DEBUG: ran git fetch origin 81d9622c8da23dbb1daa9c6fc5b3f089036eacaa: e5e111d8a68040e80fa0fdf0f4513af34b0fec4b: in 
DEBUG: Unshallowed git repo in 
DEBUG: ran git checkout master in 
DEBUG: ran git reset --hard e5e111d8a68040e80fa0fdf0f4513af34b0fec4b in 
DEBUG: ran clean --force -d . in 
DEBUG: ran git merge 81d9622c8da23dbb1daa9c6fc5b3f089036eacaa in 
Merged SHA 81d9622c8da23dbb1daa9c6fc5b3f089036eacaa with commit message 'My first PR commit' into base branch master

Showing logs for build [32mcb-kubecd-bdd-gh-1568809294-pr-1[0m stage [32mmeta-pipeline[0m and container [32mstep-create-effective-pipeline[0m
Deleting and cloning the Jenkins X versions repo
Cloning the Jenkins X versions repo https://github.com/jenkins-x/jenkins-x-versions.git with revision 4997ef3fdc012aa4a26a55da83a4830a4fe0f32d to /builder/home/.**/jenkins-x-versions
From https://github.com/jenkins-x/jenkins-x-versions
 * branch            4997ef3fdc012aa4a26a55da83a4830a4fe0f32d -> FETCH_HEAD
Effective pipeline written to jenkins-x-serverless-jenkins-effective.yml

Showing logs for build [32mcb-kubecd-bdd-gh-1568809294-pr-1[0m stage [32mmeta-pipeline[0m and container [32mstep-create-tekton-crds[0m
Deleting and cloning the Jenkins X versions repo
Cloning the Jenkins X versions repo https://github.com/jenkins-x/jenkins-x-versions.git with revision 4997ef3fdc012aa4a26a55da83a4830a4fe0f32d to /builder/home/.**/jenkins-x-versions
From https://github.com/jenkins-x/jenkins-x-versions
 * branch            4997ef3fdc012aa4a26a55da83a4830a4fe0f32d -> FETCH_HEAD
PipelineActivity for cb-kubecd-bdd-gh-1568809294-PR-1-1
Applying changes 
upserted PipelineResource cb-kubecd-bdd-gh-1568809294-pr for the git repository https://github.com/cb-kubecd/bdd-gh-1568809294.git
upserted Task cb-kubecd-bdd-gh-1568809294-pr-from-build-pack-1
upserted Pipeline cb-kubecd-bdd-gh-1568809294-pr-1
created PipelineRun cb-kubecd-bdd-gh-1568809294-pr-1
created PipelineStructure cb-kubecd-bdd-gh-1568809294-pr-1

Showing logs for build [32mcb-kubecd-bdd-gh-1568809294-pr-1[0m stage [32mfrom-build-pack[0m and container [32mstep-credential-initializer-75zsd[0m
{"level":"warn","ts":1568810103.0174162,"logger":"fallback-logger","caller":"logging/config.go:69","msg":"Fetch GitHub commit ID from kodata failed: \"ref: refs/heads/master\" is not a valid GitHub commit ID"}
{"level":"info","ts":1568810103.0180387,"logger":"fallback-logger","caller":"creds-init/main.go:40","msg":"Credentials initialized."}

Showing logs for build [32mcb-kubecd-bdd-gh-1568809294-pr-1[0m stage [32mfrom-build-pack[0m and container [32mstep-working-dir-initializer-xhpfd[0m
{"level":"warn","ts":1568810103.954758,"logger":"fallback-logger","caller":"logging/config.go:69","msg":"Fetch GitHub commit ID from kodata failed: open /var/run/ko/HEAD: no such file or directory"}
{"level":"info","ts":1568810103.9564207,"logger":"fallback-logger","caller":"bash/main.go:65","msg":"Successfully executed command \"mkdir -p /workspace/source /workspace/source/charts/preview\""}

Showing logs for build [32mcb-kubecd-bdd-gh-1568809294-pr-1[0m stage [32mfrom-build-pack[0m and container [32mstep-place-tools[0m

Showing logs for build [32mcb-kubecd-bdd-gh-1568809294-pr-1[0m stage [32mfrom-build-pack[0m and container [32mstep-git-source-cb-kubecd-bdd-gh-1568809294-pr-6zmsh[0m
{"level":"warn","ts":1568810110.1902018,"logger":"fallback-logger","caller":"logging/config.go:69","msg":"Fetch GitHub commit ID from kodata failed: \"ref: refs/heads/master\" is not a valid GitHub commit ID"}
{"level":"info","ts":1568810111.2629309,"logger":"fallback-logger","caller":"git/git.go:102","msg":"Successfully cloned https://github.com/cb-kubecd/bdd-gh-1568809294.git @ master in path /workspace/source"}

Showing logs for build [32mcb-kubecd-bdd-gh-1568809294-pr-1[0m stage [32mfrom-build-pack[0m and container [32mstep-git-merge[0m
Using SHAs from PULL_REFS=master:e5e111d8a68040e80fa0fdf0f4513af34b0fec4b,1:81d9622c8da23dbb1daa9c6fc5b3f089036eacaa
DEBUG: ran git fetch --unshallow origin 81d9622c8da23dbb1daa9c6fc5b3f089036eacaa: e5e111d8a68040e80fa0fdf0f4513af34b0fec4b: in 
DEBUG: ran git checkout master in 
DEBUG: ran git reset --hard e5e111d8a68040e80fa0fdf0f4513af34b0fec4b in 
DEBUG: ran clean --force -d . in 
DEBUG: ran git merge 81d9622c8da23dbb1daa9c6fc5b3f089036eacaa in 
Merged SHA 81d9622c8da23dbb1daa9c6fc5b3f089036eacaa with commit message 'My first PR commit' into base branch master

Showing logs for build [32mcb-kubecd-bdd-gh-1568809294-pr-1[0m stage [32mfrom-build-pack[0m and container [32mstep-build-make-linux[0m
CGO_ENABLED=0 GOOS=linux GOARCH=amd64 GO15VENDOREXPERIMENT=1 go build -ldflags '' -o bin/bdd-gh-1568809294 main.go

Showing logs for build [32mcb-kubecd-bdd-gh-1568809294-pr-1[0m stage [32mfrom-build-pack[0m and container [32mstep-build-container-build[0m
[36mINFO[0m[0000] No base image, nothing to extract            
[36mINFO[0m[0000] cmd: EXPOSE                                  
[36mINFO[0m[0000] Adding exposed port: 8080/tcp                
[36mINFO[0m[0000] Using files from context: [/workspace/source/bin] 
[36mINFO[0m[0000] Skipping unpacking as no commands require it. 
[36mINFO[0m[0000] Taking snapshot of full filesystem...        
[36mINFO[0m[0000] EXPOSE 8080                                  
[36mINFO[0m[0000] cmd: EXPOSE                                  
[36mINFO[0m[0000] Adding exposed port: 8080/tcp                
[36mINFO[0m[0000] No files changed in this command, skipping snapshotting. 
[36mINFO[0m[0000] ENTRYPOINT ["/bdd-gh-1568809294"]            
[36mINFO[0m[0000] No files changed in this command, skipping snapshotting. 
[36mINFO[0m[0000] Using files from context: [/workspace/source/bin] 
[36mINFO[0m[0000] COPY ./bin/ /                                
[36mINFO[0m[0000] Taking snapshot of files...                  
2019/09/18 12:35:24 pushed blob: sha256:e5302ae8eb272d020159099985e8ef1ab7a1e96af7a6ed306113d3cdb668a133
2019/09/18 12:35:24 pushed blob: sha256:64fcf2d63abb40aad1cd47d1ccaeac3fbe3a037c3b894fb0543ff6f36ff7a5b5
2019/09/18 12:35:26 gcr.io/jenkins-x-bdd3/bdd-gh-1568809294:0.0.0-SNAPSHOT-PR-1-1: digest: sha256:bac0be914abcc6ee50323609f76224575b4f82860fff889f365ecef41ed43a4a size: 428

Showing logs for build [32mcb-kubecd-bdd-gh-1568809294-pr-1[0m stage [32mfrom-build-pack[0m and container [32mstep-postbuild-post-build[0m
no CVE provider running in the current ** namespace so skip adding image to be analysed

Showing logs for build [32mcb-kubecd-bdd-gh-1568809294-pr-1[0m stage [32mfrom-build-pack[0m and container [32mstep-promote-make-preview[0m
sed -i -e "s/version:.*/version: 0.0.0-SNAPSHOT-PR-1-1/" Chart.yaml
sed -i -e "s/version:.*/version: 0.0.0-SNAPSHOT-PR-1-1/" ../*/Chart.yaml
sed -i -e "s|repository:.*|repository: gcr.io\/jenkins-x-bdd3\/bdd-gh-1568809294|" values.yaml
sed -i -e "s/tag:.*/tag: 0.0.0-SNAPSHOT-PR-1-1/" values.yaml
echo "  version: 0.0.0-SNAPSHOT-PR-1-1" >> requirements.yaml
** step helm build
WARNING: No $CHART_REPOSITORY defined so using the default value of: http://jenkins-x-chartmuseum:8080
Adding missing Helm repo: storage.googleapis.com https://storage.googleapis.com/chartmuseum.jenkins-x.io
Successfully added Helm repository storage.googleapis.com.
Adding missing Helm repo: jenkins-x-chartmuseum http://jenkins-x-chartmuseum:8080
Successfully added Helm repository jenkins-x-chartmuseum.
WARNING: No $CHART_REPOSITORY defined so using the default value of: http://jenkins-x-chartmuseum:8080
Adding missing Helm repo: chartmuseum.jenkins-x.io http://chartmuseum.jenkins-x.io
Successfully added Helm repository chartmuseum.jenkins-x.io.

Showing logs for build [32mcb-kubecd-bdd-gh-1568809294-pr-1[0m stage [32mfrom-build-pack[0m and container [32mstep-promote-jx-preview[0m
Creating a preview
WARNING: No author for commit: 81d9622c8da23dbb1daa9c6fc5b3f089036eacaa
Created environment cb-kubecd-bdd-gh-1568809294-pr-1
Namespace **-cb-kubecd-bdd-gh-1568809294-pr-1 created 
expose:
  Annotations:
    helm.sh/hook: post-install,post-upgrade
    helm.sh/hook-delete-policy: hook-succeeded
  config:
    domain: 35.241.219.247.nip.io
    exposer: Ingress
    http: "true"
preview:
  image:
    repository: gcr.io/jenkins-x-bdd3/bdd-gh-1568809294
    tag: 0.0.0-SNAPSHOT-PR-1-1
Deleting and cloning the Jenkins X versions repo
Cloning the Jenkins X versions repo https://github.com/jenkins-x/jenkins-x-versions.git with revision 4997ef3fdc012aa4a26a55da83a4830a4fe0f32d to /builder/home/.**/jenkins-x-versions
From https://github.com/jenkins-x/jenkins-x-versions
 * branch            4997ef3fdc012aa4a26a55da83a4830a4fe0f32d -> FETCH_HEAD


Updating PipelineActivities cb-kubecd-bdd-gh-1568809294-pr-1-1 which has status Running
Preview application is now available at: http://bdd-gh-1568809294.**-cb-kubecd-bdd-gh-1568809294-pr-1.35.241.219.247.nip.io
